<?xml version="1.0" encoding="UTF-8"?>
<!-- Generated by org.testng.reporters.JUnitReportReporter -->
<testsuite hostname="SHARATH-WORKSPACE" failures="0" tests="2" name="selenium.tests.ErrorValidation" time="42.423" errors="0" timestamp="2024-06-04T19:58:57 IST" skipped="0">
  <testcase classname="selenium.tests.ErrorValidation" name="LoginErrorValidation" time="18.032"/>
  <testcase classname="selenium.tests.ErrorValidation" name="ProductErrorValidation" time="24.391"/>
</testsuite> <!-- selenium.tests.ErrorValidation -->
