<?xml version="1.0" encoding="UTF-8"?>
<!-- Generated by org.testng.reporters.JUnitReportReporter -->
<testsuite hostname="SHARATH-WORKSPACE" failures="0" tests="1" name="cucumber.selenium.TestRunner" time="22.673" errors="0" timestamp="2024-06-15T14:10:56 IST" skipped="0">
  <testcase classname="cucumber.selenium.TestRunner" name="runScenario" time="22.673"/>
</testsuite> <!-- cucumber.selenium.TestRunner -->
