<?xml version="1.0" encoding="UTF-8"?>
<!-- Generated by org.testng.reporters.JUnitReportReporter -->
<testsuite hostname="SHARATH-WORKSPACE" failures="0" tests="2" name="selenium.tests.PlaceTheOrderTest" time="37.090" errors="0" timestamp="2024-06-11T20:27:20 IST" skipped="0">
  <testcase classname="selenium.tests.PlaceTheOrderTest" name="SubmitOrder" time="26.220"/>
  <testcase classname="selenium.tests.PlaceTheOrderTest" name="CheckOrderHistory" time="10.870"/>
</testsuite> <!-- selenium.tests.PlaceTheOrderTest -->
