<?xml version="1.0" encoding="UTF-8"?>
<!-- Generated by org.testng.reporters.JUnitReportReporter -->
<testsuite hostname="SHARATH-WORKSPACE" failures="0" tests="1" name="selenium.tests.PlaceTheOrder" time="34.530" errors="0" timestamp="2024-06-04T18:39:58 IST" skipped="0">
  <testcase classname="selenium.tests.PlaceTheOrder" name="EndToEndTest" time="34.530"/>
</testsuite> <!-- selenium.tests.PlaceTheOrder -->
