<?xml version="1.0" encoding="UTF-8"?>
<!-- Generated by org.testng.reporters.JUnitReportReporter -->
<testsuite hostname="SHARATH-WORKSPACE" failures="0" tests="1" name="selenium.tests.StandAloneTest" time="23.548" errors="0" timestamp="2024-06-04T18:02:42 IST" skipped="0">
  <testcase classname="selenium.tests.StandAloneTest" name="EndToEndTest" time="23.548"/>
</testsuite> <!-- selenium.tests.StandAloneTest -->
