<?xml version="1.0" encoding="UTF-8"?>
<!-- Generated by org.testng.reporters.JUnitReportReporter -->
<testsuite hostname="SHARATH-WORKSPACE" failures="0" tests="2" name="selenium.tests.PlaceTheOrderTest" time="24.250" errors="0" timestamp="2024-06-15T14:18:20 IST" skipped="0">
  <testcase classname="selenium.tests.PlaceTheOrderTest" name="CheckOrderHistory" time="9.494"/>
  <testcase classname="selenium.tests.PlaceTheOrderTest" name="SubmitOrder" time="14.756"/>
</testsuite> <!-- selenium.tests.PlaceTheOrderTest -->
